[NX v20.8.1 Daemon Server] - 2025-04-29T19:34:56.507Z - Started listening on: /var/folders/2f/n0zbbgpn7r323jp17qpwvq780000gn/T/bbc10a04b0fd7d681966/d.sock
[NX v20.8.1 Daemon Server] - 2025-04-29T19:34:56.511Z - [WATCHER]: Subscribed to changes within: /Users/stijnvanhulle/GitHub/kubb (native)
[NX v20.8.1 Daemon Server] - 2025-04-29T19:34:56.513Z - Established a connection. Number of open connections: 1
[NX v20.8.1 Daemon Server] - 2025-04-29T19:34:56.514Z - Established a connection. Number of open connections: 2
[NX v20.8.1 Daemon Server] - 2025-04-29T19:34:56.515Z - Closed a connection. Number of open connections: 1
[NX v20.8.1 Daemon Server] - 2025-04-29T19:34:56.516Z - [REQUEST]: Client Request for Project Graph Received
[NX v20.8.1 Daemon Server] - 2025-04-29T19:34:56.523Z - Time taken for 'loadSpecifiedNxPlugins' 0.910334000000006ms
[NX v20.8.1 Daemon Server] - 2025-04-29T19:34:56.679Z - Time taken for 'Load Nx Plugin: /Users/stijnvanhulle/GitHub/kubb/node_modules/.pnpm/nx@20.8.1/node_modules/nx/src/plugins/package-json' 162.478375ms
[NX v20.8.1 Daemon Server] - 2025-04-29T19:34:56.692Z - Time taken for 'Load Nx Plugin: /Users/stijnvanhulle/GitHub/kubb/node_modules/.pnpm/nx@20.8.1/node_modules/nx/src/plugins/js' 175.26083300000002ms
[NX v20.8.1 Daemon Server] - 2025-04-29T19:34:56.704Z - [REQUEST]: Updated workspace context based on watched changes, recomputing project graph...
[NX v20.8.1 Daemon Server] - 2025-04-29T19:34:56.704Z - [REQUEST]: 
[NX v20.8.1 Daemon Server] - 2025-04-29T19:34:56.704Z - [REQUEST]: 
[NX v20.8.1 Daemon Server] - 2025-04-29T19:34:56.722Z - Time taken for 'loadDefaultNxPlugins' 185.40595900000002ms
[NX v20.8.1 Daemon Server] - 2025-04-29T19:34:57.501Z - Time taken for 'build-project-configs' 760.9147909999999ms
[NX v20.8.1 Daemon Server] - 2025-04-29T19:34:57.982Z - [SYNC]: collect registered sync generators
[NX v20.8.1 Daemon Server] - 2025-04-29T19:34:57.984Z - [REQUEST]: Responding to the client. project-graph
[NX v20.8.1 Daemon Server] - 2025-04-29T19:34:57.986Z - Time taken for 'total for creating and serializing project graph' 1467.859917ms
[NX v20.8.1 Daemon Server] - 2025-04-29T19:34:57.995Z - Done responding to the client project-graph
[NX v20.8.1 Daemon Server] - 2025-04-29T19:34:57.995Z - Handled REQUEST_PROJECT_GRAPH. Handling time: 1468. Response time: 11.
[NX v20.8.1 Daemon Server] - 2025-04-29T19:34:58.011Z - [REQUEST]: Client Request for Project Graph Received
[NX v20.8.1 Daemon Server] - 2025-04-29T19:34:58.012Z - [REQUEST]: Responding to the client. project-graph
[NX v20.8.1 Daemon Server] - 2025-04-29T19:34:58.014Z - Time taken for 'total for creating and serializing project graph' 0.86587499999996ms
[NX v20.8.1 Daemon Server] - 2025-04-29T19:34:58.029Z - Done responding to the client project-graph
[NX v20.8.1 Daemon Server] - 2025-04-29T19:34:58.029Z - Handled REQUEST_PROJECT_GRAPH. Handling time: 1. Response time: 17.
[NX v20.8.1 Daemon Server] - 2025-04-29T19:34:58.047Z - Established a connection. Number of open connections: 2
[NX v20.8.1 Daemon Server] - 2025-04-29T19:35:18.226Z - Closed a connection. Number of open connections: 1
[NX v20.8.1 Daemon Server] - 2025-04-29T19:35:18.227Z - Closed a connection. Number of open connections: 0
