[12/22/2025, 8:59:44 PM]
ℹ Config loaded kubb.config.js

[12/22/2025, 8:59:44 PM]
✓ Config loaded successfully kubb.config.js

[12/22/2025, 8:59:44 PM]
ℹ Setup generation [1mpetStore[22m ./petStore.yaml

[12/22/2025, 8:59:44 PM]
Configuration:
  • Name: petStore
  • Root: .
  • Output: ./src/gen
  • Plugins: 5
Output Settings:
  • Write: enabled
  • Formater: prettier
  • Linter: none
Environment:
  • nodeVersion: v20.19.6
  • KubbVersion: 4.12.11
  • platform: linux
  • arch: x64
  • cwd: /home/runner/work/kubb/kubb/examples/simple-single

[12/22/2025, 8:59:44 PM]
✓ Input file validated: ./petStore.yaml

[12/22/2025, 8:59:44 PM]
Cleaning output directories
  • Output: ./src/gen

[12/22/2025, 8:59:44 PM]
✓ Fabric initialized
  • File writing: enabled
  • Barrel type: all

[12/22/2025, 8:59:44 PM]
ℹ Build generation [1mpetStore[22m ./petStore.yaml

[12/22/2025, 8:59:44 PM]
Generating plugin-oas

[12/22/2025, 8:59:44 PM]
Installing plugin...
  • Plugin Key: [plugin-oas, 1]

[12/22/2025, 8:59:44 PM]
Building 12 schemas
  • Content Type: application/json
  • Generators: 1

[12/22/2025, 8:59:44 PM]
Building 20 operations
  • Generators: 1

[12/22/2025, 8:59:44 PM]
plugin-oas completed in 386ms

[12/22/2025, 8:59:44 PM]
✓ Plugin installed successfully (386ms)

[12/22/2025, 8:59:44 PM]
Generating plugin-redoc

[12/22/2025, 8:59:44 PM]
Installing plugin...
  • Plugin Key: [plugin-redoc, 1]

[12/22/2025, 8:59:44 PM]
plugin-redoc completed in 30ms

[12/22/2025, 8:59:44 PM]
✓ Plugin installed successfully (30ms)

[12/22/2025, 8:59:44 PM]
Generating plugin-ts

[12/22/2025, 8:59:44 PM]
Installing plugin...
  • Plugin Key: [plugin-ts, 1]

[12/22/2025, 8:59:44 PM]
Building 12 schemas
  • Content Type: application/json
  • Generators: 1

[12/22/2025, 8:59:44 PM]
Building 20 operations
  • Generators: 1

[12/22/2025, 8:59:44 PM]
plugin-ts completed in 137ms

[12/22/2025, 8:59:44 PM]
✓ Plugin installed successfully (137ms)

[12/22/2025, 8:59:44 PM]
Generating plugin-react-query

[12/22/2025, 8:59:44 PM]
Installing plugin...
  • Plugin Key: [plugin-react-query, 1]

[12/22/2025, 8:59:44 PM]
Building 20 operations
  • Generators: 5

[12/22/2025, 8:59:44 PM]
plugin-react-query completed in 243ms

[12/22/2025, 8:59:44 PM]
✓ Plugin installed successfully (243ms)

[12/22/2025, 8:59:44 PM]
Generating plugin-zod

[12/22/2025, 8:59:44 PM]
Installing plugin...
  • Plugin Key: [plugin-zod, 1]

[12/22/2025, 8:59:44 PM]
Building 12 schemas
  • Content Type: application/json
  • Generators: 1

[12/22/2025, 8:59:44 PM]
Building 20 operations
  • Generators: 1

[12/22/2025, 8:59:45 PM]
plugin-zod completed in 85ms

[12/22/2025, 8:59:45 PM]
✓ Plugin installed successfully (85ms)

[12/22/2025, 8:59:45 PM]
Generating barrel file
  • Type: all
  • Path: /home/runner/work/kubb/kubb/examples/simple-single/src/gen/index.ts

[12/22/2025, 8:59:45 PM]
Found 3 indexable files for barrel export

[12/22/2025, 8:59:45 PM]
✓ Generated barrel file (356 exports)

[12/22/2025, 8:59:45 PM]
Start 18 writing:
/home/runner/work/kubb/kubb/examples/simple-single/src/gen/zod.ts
/home/runner/work/kubb/kubb/examples/simple-single/src/gen/hooks.ts
/home/runner/work/kubb/kubb/examples/simple-single/src/gen/index.ts
/home/runner/work/kubb/kubb/examples/simple-single/src/gen/models.ts
/home/runner/work/kubb/kubb/examples/simple-single/src/gen/.kubb/config.ts
/home/runner/work/kubb/kubb/examples/simple-single/src/gen/docs/index.html
/home/runner/work/kubb/kubb/examples/simple-single/src/gen/schemas/tag.json
/home/runner/work/kubb/kubb/examples/simple-single/src/gen/schemas/pet.json
/home/runner/work/kubb/kubb/examples/simple-single/src/gen/schemas/user.json
/home/runner/work/kubb/kubb/examples/simple-single/src/gen/schemas/order.json
/home/runner/work/kubb/kubb/examples/simple-single/src/gen/schemas/person.json
/home/runner/work/kubb/kubb/examples/simple-single/src/gen/schemas/address.json
/home/runner/work/kubb/kubb/examples/simple-single/src/gen/schemas/customer.json
/home/runner/work/kubb/kubb/examples/simple-single/src/gen/schemas/category.json
/home/runner/work/kubb/kubb/examples/simple-single/src/gen/schemas/userArray.json
/home/runner/work/kubb/kubb/examples/simple-single/src/gen/schemas/apiResponse.json
/home/runner/work/kubb/kubb/examples/simple-single/src/gen/schemas/petNotFound.json
/home/runner/work/kubb/kubb/examples/simple-single/src/gen/schemas/addPetRequest.json

[12/22/2025, 8:59:45 PM]
Writing 18 files...

[12/22/2025, 8:59:45 PM]
✓ File write process completed for 18 files

[12/22/2025, 8:59:45 PM]
ℹ Load summary undefined

[12/22/2025, 8:59:45 PM]
✓ Generation successfully ./petStore.yaml