[12/22/2025, 8:59:45 PM]
ℹ Formatting with [2mprettier[22m on [2m/home/runner/work/kubb/kubb/examples/simple-single/src/gen[22m undefined

[12/22/2025, 8:59:46 PM]
src/gen/.kubb/config.ts 75ms
src/gen/docs/index.html 299ms
src/gen/hooks.ts 292ms
src/gen/index.ts 2ms
src/gen/models.ts 36ms
src/gen/schemas/addPetRequest.json 4ms
src/gen/schemas/address.json 2ms
src/gen/schemas/apiResponse.json 1ms
src/gen/schemas/category.json 1ms
src/gen/schemas/customer.json 2ms
src/gen/schemas/order.json 2ms
src/gen/schemas/person.json 1ms
src/gen/schemas/pet.json 2ms
src/gen/schemas/petNotFound.json 1ms
src/gen/schemas/tag.json 1ms
src/gen/schemas/user.json 2ms
src/gen/schemas/userArray.json 2ms
src/gen/zod.ts 43ms

[12/22/2025, 8:59:46 PM]
✓ Formatted with prettier undefined

[12/22/2025, 8:59:48 PM]

> simple-single-pet-store@0.0.1 typecheck
> tsc -p ./tsconfig.json --noEmit --emitDeclarationOnly false


[12/22/2025, 8:59:48 PM]
✓ Formatting with [2mprettier[22m on [2m/home/runner/work/kubb/kubb/examples/simple-single/src/gen[22m successfully undefined

[12/22/2025, 8:59:48 PM]
Formatted 20 files in 18ms. Fixed 5 files.

[12/22/2025, 8:59:48 PM]
✓ [2mnpm run typecheck[22m successfully executed undefined

[12/22/2025, 8:59:48 PM]
Checked 19 files in 254ms. Fixed 1 file.

[12/22/2025, 8:59:48 PM]
✓ [2mbiome format --write ./[22m successfully executed undefined

[12/22/2025, 8:59:48 PM]
ℹ Setup generation [1mopenapi3[22m https://docs.machines.dev/spec/openapi3.json

[12/22/2025, 8:59:48 PM]
Configuration:
  • Name: openapi3
  • Root: .
  • Output: ./src/gen2
  • Plugins: 2
Output Settings:
  • Write: enabled
  • Formater: prettier
  • Linter: none
Environment:
  • nodeVersion: v20.19.6
  • KubbVersion: 4.12.11
  • platform: linux
  • arch: x64
  • cwd: /home/runner/work/kubb/kubb/examples/simple-single

[12/22/2025, 8:59:48 PM]
Cleaning output directories
  • Output: ./src/gen2

[12/22/2025, 8:59:48 PM]
✓ Fabric initialized
  • File writing: enabled
  • Barrel type: none

[12/22/2025, 8:59:48 PM]
ℹ Build generation [1mopenapi3[22m https://docs.machines.dev/spec/openapi3.json

[12/22/2025, 8:59:48 PM]
Generating plugin-oas

[12/22/2025, 8:59:48 PM]
Installing plugin...
  • Plugin Key: [plugin-oas, 1]

[12/22/2025, 8:59:48 PM]
plugin-oas failed in 6ms

[12/22/2025, 8:59:48 PM]
✗ Plugin installation failed
  • Plugin Key: ["plugin-oas",1]
  • Error: ResolveError - fetch failed
  • Stack Trace:
Error: fetch failed
    at BaseResolver.loadExternalRef (file:///home/runner/work/kubb/kubb/node_modules/.pnpm/@redocly+openapi-core@2.14.0_ajv@8.17.1/node_modules/@redocly/openapi-core/src/resolve.ts:124:13)
    at processTicksAndRejections (node:internal/process/task_queues:95:5)
    at bundle (file:///home/runner/work/kubb/kubb/node_modules/.pnpm/@redocly+openapi-core@2.14.0_ajv@8.17.1/node_modules/@redocly/openapi-core/src/bundle/bundle.ts:97:25)
    at parse (file:///home/runner/work/kubb/kubb/packages/oas/src/utils.ts:92:27)
    at getOas (file:///home/runner/work/kubb/kubb/packages/plugin-oas/src/plugin.ts:30:17)
    at Object.getOas (file:///home/runner/work/kubb/kubb/packages/plugin-oas/src/plugin.ts:75:19)
    at Object.install (file:///home/runner/work/kubb/kubb/packages/plugin-oas/src/plugin.ts:125:19)
    at safeBuild (file:///home/runner/work/kubb/kubb/packages/core/src/build.ts:206:9)
    at generate (file:///home/runner/work/kubb/kubb/packages/cli/src/runners/generate.ts:50:58)
    at file:///home/runner/work/kubb/kubb/packages/cli/src/commands/generate.ts:135:11

[12/22/2025, 8:59:48 PM]
Generating plugin-zod

[12/22/2025, 8:59:48 PM]
Installing plugin...
  • Plugin Key: [plugin-zod, 1]

[12/22/2025, 8:59:48 PM]
plugin-zod failed in 5ms

[12/22/2025, 8:59:48 PM]
✗ Plugin installation failed
  • Plugin Key: ["plugin-zod",1]
  • Error: ResolveError - fetch failed
  • Stack Trace:
Error: fetch failed
    at BaseResolver.loadExternalRef (file:///home/runner/work/kubb/kubb/node_modules/.pnpm/@redocly+openapi-core@2.14.0_ajv@8.17.1/node_modules/@redocly/openapi-core/src/resolve.ts:124:13)
    at processTicksAndRejections (node:internal/process/task_queues:95:5)
    at bundle (file:///home/runner/work/kubb/kubb/node_modules/.pnpm/@redocly+openapi-core@2.14.0_ajv@8.17.1/node_modules/@redocly/openapi-core/src/bundle/bundle.ts:97:25)
    at parse (file:///home/runner/work/kubb/kubb/packages/oas/src/utils.ts:92:27)
    at getOas (file:///home/runner/work/kubb/kubb/packages/plugin-oas/src/plugin.ts:30:17)
    at Object.getOas (file:///home/runner/work/kubb/kubb/packages/plugin-oas/src/plugin.ts:75:19)
    at Object.install (file:///home/runner/work/kubb/kubb/packages/plugin-zod/src/plugin.ts:116:19)
    at safeBuild (file:///home/runner/work/kubb/kubb/packages/core/src/build.ts:206:9)
    at generate (file:///home/runner/work/kubb/kubb/packages/cli/src/runners/generate.ts:50:58)
    at file:///home/runner/work/kubb/kubb/packages/cli/src/commands/generate.ts:135:11

[12/22/2025, 8:59:48 PM]
Start 0 writing:

[12/22/2025, 8:59:48 PM]
Writing 0 files...

[12/22/2025, 8:59:48 PM]
✓ File write process completed for 0 files

[12/22/2025, 8:59:48 PM]
ℹ Load summary undefined

[12/22/2025, 8:59:48 PM]
✗ fetch failed
Error: fetch failed
    at BaseResolver.loadExternalRef (file:///home/runner/work/kubb/kubb/node_modules/.pnpm/@redocly+openapi-core@2.14.0_ajv@8.17.1/node_modules/@redocly/openapi-core/src/resolve.ts:124:13)
    at processTicksAndRejections (node:internal/process/task_queues:95:5)
    at bundle (file:///home/runner/work/kubb/kubb/node_modules/.pnpm/@redocly+openapi-core@2.14.0_ajv@8.17.1/node_modules/@redocly/openapi-core/src/bundle/bundle.ts:97:25)
    at parse (file:///home/runner/work/kubb/kubb/packages/oas/src/utils.ts:92:27)
    at getOas (file:///home/runner/work/kubb/kubb/packages/plugin-oas/src/plugin.ts:30:17)
    at Object.getOas (file:///home/runner/work/kubb/kubb/packages/plugin-oas/src/plugin.ts:75:19)
    at Object.install (file:///home/runner/work/kubb/kubb/packages/plugin-oas/src/plugin.ts:125:19)
    at safeBuild (file:///home/runner/work/kubb/kubb/packages/core/src/build.ts:206:9)
    at generate (file:///home/runner/work/kubb/kubb/packages/cli/src/runners/generate.ts:50:58)
    at file:///home/runner/work/kubb/kubb/packages/cli/src/commands/generate.ts:135:11

[12/22/2025, 8:59:48 PM]
✗ fetch failed
Error: fetch failed
    at BaseResolver.loadExternalRef (file:///home/runner/work/kubb/kubb/node_modules/.pnpm/@redocly+openapi-core@2.14.0_ajv@8.17.1/node_modules/@redocly/openapi-core/src/resolve.ts:124:13)
    at processTicksAndRejections (node:internal/process/task_queues:95:5)
    at bundle (file:///home/runner/work/kubb/kubb/node_modules/.pnpm/@redocly+openapi-core@2.14.0_ajv@8.17.1/node_modules/@redocly/openapi-core/src/bundle/bundle.ts:97:25)
    at parse (file:///home/runner/work/kubb/kubb/packages/oas/src/utils.ts:92:27)
    at getOas (file:///home/runner/work/kubb/kubb/packages/plugin-oas/src/plugin.ts:30:17)
    at Object.getOas (file:///home/runner/work/kubb/kubb/packages/plugin-oas/src/plugin.ts:75:19)
    at Object.install (file:///home/runner/work/kubb/kubb/packages/plugin-zod/src/plugin.ts:116:19)
    at safeBuild (file:///home/runner/work/kubb/kubb/packages/core/src/build.ts:206:9)
    at generate (file:///home/runner/work/kubb/kubb/packages/cli/src/runners/generate.ts:50:58)
    at file:///home/runner/work/kubb/kubb/packages/cli/src/commands/generate.ts:135:11